  main.cpp
c:\users\adeli\desktop\cpp-basics-master\10-templates\main.cpp(30): warning C4244: =: преобразование "T" в "int", возможна потеря данных
          with
          [
              T=float
          ]
  c:\users\adeli\desktop\cpp-basics-master\10-templates\main.cpp(183): note: выполняется компиляция ссылки на экземпляр шаблон функции "T GetMaxDigit<float>(T **,int,int)"
          with
          [
              T=float
          ]
c:\users\adeli\desktop\cpp-basics-master\10-templates\main.cpp(38): warning C4244: =: преобразование "T" в "int", возможна потеря данных
          with
          [
              T=float
          ]
c:\users\adeli\desktop\cpp-basics-master\10-templates\main.cpp(60): warning C4244: =: преобразование "T" в "int", возможна потеря данных
          with
          [
              T=float
          ]
c:\users\adeli\desktop\cpp-basics-master\10-templates\main.cpp(68): warning C4244: =: преобразование "T" в "int", возможна потеря данных
          with
          [
              T=float
          ]
c:\users\adeli\desktop\cpp-basics-master\10-templates\main.cpp(97): warning C4244: return: преобразование "int" в "T", возможна потеря данных
          with
          [
              T=float
          ]
c:\users\adeli\desktop\cpp-basics-master\10-templates\main.cpp(30): warning C4244: =: преобразование "T" в "int", возможна потеря данных
          with
          [
              T=double
          ]
  c:\users\adeli\desktop\cpp-basics-master\10-templates\main.cpp(189): note: выполняется компиляция ссылки на экземпляр шаблон функции "T GetMaxDigit<double>(T **,int,int)"
          with
          [
              T=double
          ]
c:\users\adeli\desktop\cpp-basics-master\10-templates\main.cpp(38): warning C4244: =: преобразование "T" в "int", возможна потеря данных
          with
          [
              T=double
          ]
c:\users\adeli\desktop\cpp-basics-master\10-templates\main.cpp(60): warning C4244: =: преобразование "T" в "int", возможна потеря данных
          with
          [
              T=double
          ]
c:\users\adeli\desktop\cpp-basics-master\10-templates\main.cpp(68): warning C4244: =: преобразование "T" в "int", возможна потеря данных
          with
          [
              T=double
          ]
  10-templates.vcxproj -> C:\Users\adeli\Desktop\cpp-basics-master\Debug\10-templates.exe
